<?xml version="1.0" encoding="UTF-8"?>
<!-- Generated by org.testng.reporters.JUnitReportReporter -->
<testsuite hostname="sruthiguppana" failures="0" tests="1" name="com.Ranford.master.Baseclass" time="0.009" errors="0" timestamp="2022-01-19T21:00:00 IST" skipped="0">
  <testcase classname="com.Ranford.master.Baseclass" name="f" time="0.009"/>
  <system-out/>
</testsuite> <!-- com.Ranford.master.Baseclass -->
